  Animation.cpp
c:\computer science\comp371\project\comp371-computer-graphic-scene-of-end-of-the-world\source\world.h(53): error C3646: 'skyboxModel': unknown override specifier
c:\computer science\comp371\project\comp371-computer-graphic-scene-of-end-of-the-world\source\world.h(53): error C4430: missing type specifier - int assumed. Note: C++ does not support default-int
c:\computer science\comp371\project\comp371-computer-graphic-scene-of-end-of-the-world\source\animation.cpp(227): warning C4018: '<': signed/unsigned mismatch
  Billboard.cpp
c:\computer science\comp371\project\comp371-computer-graphic-scene-of-end-of-the-world\source\world.h(53): error C3646: 'skyboxModel': unknown override specifier
c:\computer science\comp371\project\comp371-computer-graphic-scene-of-end-of-the-world\source\world.h(53): error C4430: missing type specifier - int assumed. Note: C++ does not support default-int
  main.cpp
c:\computer science\comp371\project\comp371-computer-graphic-scene-of-end-of-the-world\source\world.h(53): error C3646: 'skyboxModel': unknown override specifier
c:\computer science\comp371\project\comp371-computer-graphic-scene-of-end-of-the-world\source\world.h(53): error C4430: missing type specifier - int assumed. Note: C++ does not support default-int
  Model.cpp
c:\computer science\comp371\project\comp371-computer-graphic-scene-of-end-of-the-world\source\world.h(53): error C3646: 'skyboxModel': unknown override specifier
c:\computer science\comp371\project\comp371-computer-graphic-scene-of-end-of-the-world\source\world.h(53): error C4430: missing type specifier - int assumed. Note: C++ does not support default-int
  ParticleSystem.cpp
c:\computer science\comp371\project\comp371-computer-graphic-scene-of-end-of-the-world\source\world.h(53): error C3646: 'skyboxModel': unknown override specifier
c:\computer science\comp371\project\comp371-computer-graphic-scene-of-end-of-the-world\source\world.h(53): error C4430: missing type specifier - int assumed. Note: C++ does not support default-int
c:\computer science\comp371\project\comp371-computer-graphic-scene-of-end-of-the-world\source\particlesystem.cpp(23): warning C4305: 'initializing': truncation from 'double' to 'float'
c:\computer science\comp371\project\comp371-computer-graphic-scene-of-end-of-the-world\source\particlesystem.cpp(104): warning C4244: 'initializing': conversion from 'double' to 'float', possible loss of data
  World.cpp
c:\computer science\comp371\project\comp371-computer-graphic-scene-of-end-of-the-world\source\world.h(53): error C3646: 'skyboxModel': unknown override specifier
c:\computer science\comp371\project\comp371-computer-graphic-scene-of-end-of-the-world\source\world.h(53): error C4430: missing type specifier - int assumed. Note: C++ does not support default-int
c:\computer science\comp371\project\comp371-computer-graphic-scene-of-end-of-the-world\source\world.cpp(270): error C2065: 'skyboxModel': undeclared identifier
c:\computer science\comp371\project\comp371-computer-graphic-scene-of-end-of-the-world\source\world.cpp(270): error C2228: left of '.Draw' must have class/struct/union
  c:\computer science\comp371\project\comp371-computer-graphic-scene-of-end-of-the-world\source\world.cpp(270): note: type is 'unknown-type'
c:\computer science\comp371\project\comp371-computer-graphic-scene-of-end-of-the-world\source\world.cpp(340): error C2065: 'skyboxModel': undeclared identifier
  Generating Code...
